<?xml version="1.0" encoding="UTF-8"?>
<!-- Generated by org.testng.reporters.JUnitReportReporter -->
<testsuite hostname="9704276395mama" failures="0" tests="3" name="Test_Scenarios.TestMethods_GoogleSearch" time="7.040" errors="0" timestamp="2024-04-16T15:24:20 IST" skipped="0">
  <testcase classname="Test_Scenarios.TestMethods_GoogleSearch" name="SearchOperation" time="2.553"/>
  <testcase classname="Test_Scenarios.TestMethods_GoogleSearch" name="VerifyandAccessFacebook" time="2.561"/>
  <testcase classname="Test_Scenarios.TestMethods_GoogleSearch" name="VerifyLoginfunctionality" time="1.926"/>
</testsuite> <!-- Test_Scenarios.TestMethods_GoogleSearch -->
